[05:08:01] [main/WARN]: Ambiguity between arguments [teleport, destination] and [teleport, targets] with inputs: [Player, 0123, @e, dd12be42-52a9-4a91-a8a1-11c01849e498]
[05:08:01] [main/WARN]: Ambiguity between arguments [teleport, location] and [teleport, destination] with inputs: [0.1 -0.5 .9, 0 0 0]
[05:08:01] [main/WARN]: Ambiguity between arguments [teleport, location] and [teleport, targets] with inputs: [0.1 -0.5 .9, 0 0 0]
[05:08:01] [main/WARN]: Ambiguity between arguments [teleport, targets] and [teleport, destination] with inputs: [Player, 0123, dd12be42-52a9-4a91-a8a1-11c01849e498]
[05:08:01] [main/WARN]: Ambiguity between arguments [teleport, targets, location] and [teleport, targets, destination] with inputs: [0.1 -0.5 .9, 0 0 0]
[05:08:01] [main/INFO]: Loaded 0 recipes
[05:08:01] [main/INFO]: Loaded 0 advancements
[05:08:01] [Server thread/INFO]: Starting minecraft server version 1.13.2
[05:08:01] [Server thread/INFO]: Loading properties
[05:08:01] [Server thread/INFO]: Default game type: SURVIVAL
[05:08:01] [Server thread/INFO]: Generating keypair
[05:08:01] [Server thread/INFO]: Starting Minecraft server on *:25565
[05:08:01] [Server thread/INFO]: Using epoll channel type
[05:08:02] [Server thread/INFO]: Preparing level "world"
[05:08:02] [Server thread/INFO]: Reloading ResourceManager: Default
[05:08:03] [Server thread/INFO]: Loaded 524 recipes
[05:08:05] [Server thread/INFO]: Loaded 571 advancements
[05:08:06] [Server thread/INFO]: Preparing start region for dimension minecraft:overworld
[05:08:07] [Server thread/INFO]: Preparing spawn area: 4%
[05:08:07] [Server thread/INFO]: Preparing spawn area: 8%
[05:08:07] [Server thread/INFO]: Preparing spawn area: 12%
[05:08:08] [Server thread/INFO]: Preparing spawn area: 16%
[05:08:08] [Server thread/INFO]: Preparing spawn area: 20%
[05:08:08] [Server thread/INFO]: Preparing spawn area: 24%
[05:08:08] [Server thread/INFO]: Preparing spawn area: 28%
[05:08:08] [Server thread/INFO]: Preparing spawn area: 32%
[05:08:08] [Server thread/INFO]: Preparing spawn area: 36%
[05:08:08] [Server thread/INFO]: Preparing spawn area: 40%
[05:08:09] [Server thread/INFO]: Preparing spawn area: 44%
[05:08:09] [Server thread/INFO]: Preparing spawn area: 48%
[05:08:09] [Server thread/INFO]: Preparing spawn area: 52%
[05:08:09] [Server thread/INFO]: Preparing spawn area: 56%
[05:08:09] [Server thread/INFO]: Preparing spawn area: 60%
[05:08:09] [Server thread/INFO]: Preparing spawn area: 64%
[05:08:09] [Server thread/INFO]: Preparing spawn area: 68%
[05:08:09] [Server thread/INFO]: Preparing spawn area: 72%
[05:08:10] [Server thread/INFO]: Preparing spawn area: 76%
[05:08:10] [Server thread/INFO]: Preparing spawn area: 80%
[05:08:10] [Server thread/INFO]: Preparing spawn area: 84%
[05:08:10] [Server thread/INFO]: Preparing spawn area: 88%
[05:08:10] [Server thread/INFO]: Preparing spawn area: 92%
[05:08:10] [Server thread/INFO]: Preparing spawn area: 96%
[05:08:11] [Server thread/INFO]: Preparing spawn area: 100%
[05:08:11] [Server thread/INFO]: Time elapsed: 4861 ms
[05:08:11] [Server thread/INFO]: Done (9.002s)! For help, type "help"
[05:08:11] [Server thread/INFO]: Unknown command
[05:08:11] [Server thread/INFO]: <--[HERE]
[05:08:16] [Server Shutdown Thread/INFO]: Stopping server
[05:08:16] [Server Shutdown Thread/INFO]: Saving players
[05:08:16] [Server Shutdown Thread/INFO]: Saving worlds
[05:08:16] [Server Shutdown Thread/INFO]: Saving chunks for level 'world'/minecraft:the_nether
[05:08:16] [Server Shutdown Thread/INFO]: Saving chunks for level 'world'/minecraft:overworld
